<?xml version="1.0" encoding="UTF-8"?>
<!-- Generated by org.testng.reporters.JUnitReportReporter -->
<testsuite hostname="SambitPC" failures="0" tests="1" name="com.AllCode.OtherSites.DataFromSheet" time="931.686" errors="0" timestamp="2024-02-12T20:16:04 IST" skipped="0">
  <testcase classname="com.AllCode.OtherSites.DataFromSheet" name="ExcelSheetData" time="931.686"/>
  <system-out/>
</testsuite> <!-- com.AllCode.OtherSites.DataFromSheet -->
