<?xml version="1.0" encoding="UTF-8"?>
<!-- Generated by org.testng.reporters.JUnitReportReporter -->
<testsuite hostname="VPL-RDS01" failures="0" tests="1" name="com.AllCode.OtherSites.DataFromSheet" time="902.356" errors="0" timestamp="2023-12-12T04:57:06 PST" skipped="0">
  <testcase classname="com.AllCode.OtherSites.DataFromSheet" name="ExcelSheetData" time="902.356"/>
  <system-out/>
</testsuite> <!-- com.AllCode.OtherSites.DataFromSheet -->
